<?xml version="1.0" encoding="UTF-8"?>
<!-- Generated by org.testng.reporters.JUnitReportReporter -->
<testsuite skipped="0" hostname="klaudia" name="com.pack.common.tests.BasePageTest" tests="1" failures="0" timestamp="27 May 2017 14:18:17 GMT" time="0.193" errors="0">
  <testcase name="verifyHomePage" time="0.193" classname="com.pack.common.tests.BasePageTest"/>
</testsuite> <!-- com.pack.common.tests.BasePageTest -->
