<?xml version="1.0" encoding="UTF-8"?>
<!-- Generated by org.testng.reporters.JUnitReportReporter -->
<testsuite skipped="0" hostname="klaudia" name="com.pack.common.tests.SignInPageTest" tests="1" failures="0" timestamp="27 May 2017 14:18:17 GMT" time="14.042" errors="0">
  <testcase name="verifySignInFunction" time="14.042" classname="com.pack.common.tests.SignInPageTest"/>
</testsuite> <!-- com.pack.common.tests.SignInPageTest -->
